Assembler report for A25_top
Tue Apr 04 10:26:36 2017
Quartus Prime Version 15.1.0 Build 185 10/21/2015 SJ Standard Edition


---------------------
; Table of Contents ;
---------------------
  1. Legal Notice
  2. Assembler Summary
  3. Assembler Settings
  4. Assembler Encrypted IP Cores Summary
  5. Assembler Generated Files
  6. Assembler Device Options: D:/github/A25_VME/Synthesis/A25_top.sof
  7. Assembler Device Options: D:/github/A25_VME/Synthesis/A25_top.rbf
  8. Assembler INI Usage
  9. Assembler Messages



----------------
; Legal Notice ;
----------------
Copyright (C) 1991-2015 Altera Corporation. All rights reserved.
Your use of Altera Corporation's design tools, logic functions 
and other software and tools, and its AMPP partner logic 
functions, and any output files from any of the foregoing 
(including device programming or simulation files), and any 
associated documentation or information are expressly subject 
to the terms and conditions of the Altera Program License 
Subscription Agreement, the Altera Quartus Prime License Agreement,
the Altera MegaCore Function License Agreement, or other 
applicable license agreement, including, without limitation, 
that your use is for the sole purpose of programming logic 
devices manufactured by Altera and sold by Altera or its 
authorized distributors.  Please refer to the applicable 
agreement for further details.



+---------------------------------------------------------------+
; Assembler Summary                                             ;
+-----------------------+---------------------------------------+
; Assembler Status      ; Successful - Tue Apr 04 10:26:36 2017 ;
; Revision Name         ; A25_top                               ;
; Top-level Entity Name ; A25_top                               ;
; Family                ; Cyclone IV GX                         ;
; Device                ; EP4CGX30CF23I7                        ;
+-----------------------+---------------------------------------+


+----------------------------------+
; Assembler Settings               ;
+--------+---------+---------------+
; Option ; Setting ; Default Value ;
+--------+---------+---------------+


+----------------------------------------------------------+
; Assembler Encrypted IP Cores Summary                     ;
+--------+----------------------------------+--------------+
; Vendor ; IP Core Name                     ; License Type ;
+--------+----------------------------------+--------------+
; Altera ; PCI_Express_Compiler (6AF7 FFFF) ; Licensed     ;
+--------+----------------------------------+--------------+


+-----------------------------------------+
; Assembler Generated Files               ;
+-----------------------------------------+
; File Name                               ;
+-----------------------------------------+
; D:/github/A25_VME/Synthesis/A25_top.sof ;
; D:/github/A25_VME/Synthesis/A25_top.rbf ;
+-----------------------------------------+


+-------------------------------------------------------------------+
; Assembler Device Options: D:/github/A25_VME/Synthesis/A25_top.sof ;
+----------------+--------------------------------------------------+
; Option         ; Setting                                          ;
+----------------+--------------------------------------------------+
; Device         ; EP4CGX30CF23I7                                   ;
; JTAG usercode  ; 0x008E1C95                                       ;
; Checksum       ; 0x008E1C95                                       ;
+----------------+--------------------------------------------------+


+-------------------------------------------------------------------+
; Assembler Device Options: D:/github/A25_VME/Synthesis/A25_top.rbf ;
+---------------------+---------------------------------------------+
; Option              ; Setting                                     ;
+---------------------+---------------------------------------------+
; Raw Binary File     ;                                             ;
;  Compression Ratio  ; 3                                           ;
+---------------------+---------------------------------------------+


+----------------------------------------------------------------------+
; Assembler INI Usage                                                  ;
+----------------------------+-----------------------------------------+
; Option                     ; Usage                                   ;
+----------------------------+-----------------------------------------+
; Initialization file:       ; D:/github/A25_VME/Synthesis/quartus.ini ;
; PGMIO_IGNORE_EPCS_ID_CHECK ; 1                                       ;
+----------------------------+-----------------------------------------+


+--------------------+
; Assembler Messages ;
+--------------------+
Info: *******************************************************************
Info: Running Quartus Prime Assembler
    Info: Version 15.1.0 Build 185 10/21/2015 SJ Standard Edition
    Info: Processing started: Tue Apr 04 10:26:29 2017
Info: Command: quartus_asm --read_settings_files=off --write_settings_files=off A25_top -c A25_top
Info: Using INI file D:/github/A25_VME/Synthesis/quartus.ini
Info (115031): Writing out detailed assembly data for power analysis
Info (115030): Assembler is generating device programming files
Info: Quartus Prime Assembler was successful. 0 errors, 0 warnings
    Info: Peak virtual memory: 830 megabytes
    Info: Processing ended: Tue Apr 04 10:26:36 2017
    Info: Elapsed time: 00:00:07
    Info: Total CPU time (on all processors): 00:00:07


