Flow report for A25_top
Tue Apr 04 10:27:15 2017
Quartus Prime Version 15.1.0 Build 185 10/21/2015 SJ Standard Edition


---------------------
; Table of Contents ;
---------------------
  1. Legal Notice
  2. Flow Summary
  3. Flow Settings
  4. Flow Non-Default Global Settings
  5. Flow Elapsed Time
  6. Flow OS Summary
  7. Flow Log
  8. Flow Messages
  9. Flow Suppressed Messages



----------------
; Legal Notice ;
----------------
Copyright (C) 1991-2015 Altera Corporation. All rights reserved.
Your use of Altera Corporation's design tools, logic functions 
and other software and tools, and its AMPP partner logic 
functions, and any output files from any of the foregoing 
(including device programming or simulation files), and any 
associated documentation or information are expressly subject 
to the terms and conditions of the Altera Program License 
Subscription Agreement, the Altera Quartus Prime License Agreement,
the Altera MegaCore Function License Agreement, or other 
applicable license agreement, including, without limitation, 
that your use is for the sole purpose of programming logic 
devices manufactured by Altera and sold by Altera or its 
authorized distributors.  Please refer to the applicable 
agreement for further details.



+--------------------------------------------------------------------------------------+
; Flow Summary                                                                         ;
+------------------------------------+-------------------------------------------------+
; Flow Status                        ; Successful - Tue Apr 04 10:26:36 2017           ;
; Quartus Prime Version              ; 15.1.0 Build 185 10/21/2015 SJ Standard Edition ;
; Revision Name                      ; A25_top                                         ;
; Top-level Entity Name              ; A25_top                                         ;
; Family                             ; Cyclone IV GX                                   ;
; Device                             ; EP4CGX30CF23I7                                  ;
; Timing Models                      ; Final                                           ;
; Total logic elements               ; 7,793 / 29,440 ( 26 % )                         ;
;     Total combinational functions  ; 6,386 / 29,440 ( 22 % )                         ;
;     Dedicated logic registers      ; 4,806 / 29,440 ( 16 % )                         ;
; Total registers                    ; 4806                                            ;
; Total pins                         ; 204 / 287 ( 71 % )                              ;
; Total virtual pins                 ; 0                                               ;
; Total memory bits                  ; 225,300 / 1,105,920 ( 20 % )                    ;
; Embedded Multiplier 9-bit elements ; 0 / 160 ( 0 % )                                 ;
; Total GXB Receiver Channel PCS     ; 1 / 4 ( 25 % )                                  ;
; Total GXB Receiver Channel PMA     ; 1 / 4 ( 25 % )                                  ;
; Total GXB Transmitter Channel PCS  ; 1 / 4 ( 25 % )                                  ;
; Total GXB Transmitter Channel PMA  ; 1 / 4 ( 25 % )                                  ;
; Total PLLs                         ; 2 / 6 ( 33 % )                                  ;
+------------------------------------+-------------------------------------------------+


+-----------------------------------------+
; Flow Settings                           ;
+-------------------+---------------------+
; Option            ; Setting             ;
+-------------------+---------------------+
; Start date & time ; 04/04/2017 10:22:43 ;
; Main task         ; Compilation         ;
; Revision Name     ; A25_top             ;
+-------------------+---------------------+


+----------------------------------------------------------------------------------------------------------------------------------+
; Flow Non-Default Global Settings                                                                                                 ;
+-------------------------------------+---------------------------------------+---------------+-------------+----------------------+
; Assignment Name                     ; Value                                 ; Default Value ; Entity Name ; Section Id           ;
+-------------------------------------+---------------------------------------+---------------+-------------+----------------------+
; COMPILER_SIGNATURE_ID               ; 1099110348014.149129416305508         ; --            ; --          ; --                   ;
; CYCLONEII_OPTIMIZATION_TECHNIQUE    ; Area                                  ; Balanced      ; --          ; --                   ;
; EDA_INPUT_DATA_FORMAT               ; Edif                                  ; --            ; --          ; eda_design_synthesis ;
; ENABLE_SIGNALTAP                    ; Off                                   ; --            ; --          ; --                   ;
; MAX_CORE_JUNCTION_TEMP              ; 100                                   ; --            ; --          ; --                   ;
; MIN_CORE_JUNCTION_TEMP              ; 0                                     ; --            ; --          ; --                   ;
; MISC_FILE                           ; ../Source/pll_pcie.ppf                ; --            ; --          ; --                   ;
; OUTPUT_IO_TIMING_FAR_END_VMEAS      ; Half Signal Swing                     ; --            ; --          ; --                   ;
; OUTPUT_IO_TIMING_FAR_END_VMEAS      ; Half Signal Swing                     ; --            ; --          ; --                   ;
; OUTPUT_IO_TIMING_NEAR_END_VMEAS     ; Half Vccio                            ; --            ; --          ; --                   ;
; OUTPUT_IO_TIMING_NEAR_END_VMEAS     ; Half Vccio                            ; --            ; --          ; --                   ;
; PARTITION_COLOR                     ; 16764057                              ; --            ; --          ; Top                  ;
; PARTITION_FITTER_PRESERVATION_LEVEL ; PLACEMENT_AND_ROUTING                 ; --            ; --          ; Top                  ;
; PARTITION_NETLIST_TYPE              ; SOURCE                                ; --            ; --          ; Top                  ;
; POST_MODULE_SCRIPT_FILE             ; quartus_sh:gen_programming_files.tcl  ; --            ; --          ; --                   ;
; POWER_BOARD_THERMAL_MODEL           ; None (CONSERVATIVE)                   ; --            ; --          ; --                   ;
; POWER_PRESET_COOLING_SOLUTION       ; 23 MM HEAT SINK WITH 200 LFPM AIRFLOW ; --            ; --          ; --                   ;
; USE_SIGNALTAP_FILE                  ; stp1.stp                              ; --            ; --          ; --                   ;
+-------------------------------------+---------------------------------------+---------------+-------------+----------------------+


+-------------------------------------------------------------------------------------------------------------------------------+
; Flow Elapsed Time                                                                                                             ;
+---------------------------+--------------+-------------------------+---------------------+------------------------------------+
; Module Name               ; Elapsed Time ; Average Processors Used ; Peak Virtual Memory ; Total CPU Time (on all processors) ;
+---------------------------+--------------+-------------------------+---------------------+------------------------------------+
; Analysis & Synthesis      ; 00:01:05     ; 1.0                     ; 1116 MB             ; 00:01:18                           ;
; Fitter                    ; 00:02:19     ; 1.1                     ; 1749 MB             ; 00:02:58                           ;
; Assembler                 ; 00:00:07     ; 1.0                     ; 830 MB              ; 00:00:07                           ;
; TimeQuest Timing Analyzer ; 00:00:11     ; 1.3                     ; 1028 MB             ; 00:00:12                           ;
; Total                     ; 00:03:42     ; --                      ; --                  ; 00:04:35                           ;
+---------------------------+--------------+-------------------------+---------------------+------------------------------------+


+----------------------------------------------------------------------------------------+
; Flow OS Summary                                                                        ;
+---------------------------+------------------+-----------+------------+----------------+
; Module Name               ; Machine Hostname ; OS Name   ; OS Version ; Processor type ;
+---------------------------+------------------+-----------+------------+----------------+
; Analysis & Synthesis      ; IC-34            ; Windows 7 ; 6.1        ; x86_64         ;
; Fitter                    ; IC-34            ; Windows 7 ; 6.1        ; x86_64         ;
; Assembler                 ; IC-34            ; Windows 7 ; 6.1        ; x86_64         ;
; TimeQuest Timing Analyzer ; IC-34            ; Windows 7 ; 6.1        ; x86_64         ;
+---------------------------+------------------+-----------+------------+----------------+


------------
; Flow Log ;
------------
quartus_map --read_settings_files=on --write_settings_files=off A25_top -c A25_top
quartus_fit --read_settings_files=off --write_settings_files=off A25_top -c A25_top
quartus_asm --read_settings_files=off --write_settings_files=off A25_top -c A25_top
quartus_sta A25_top -c A25_top



